 Predicted path:   
 Experimental path:
 _______________________________________________________________________________


                      T U R B O     M  A  M  M  O  T  H


               MAtching Molecular Models Obtained from THeory

 _______________________________________________________________________________

  

 -------------------
  Input information 
 -------------------
  

==> PREDICTION: 

     Filename: d1llub2.pdb
     Number of residues:   166


==> EXPERIMENT: 

     Filename: d1kola2.pdb
     Number of residues:   195

  
 -----------------------------
  Structural Alignment Scores 
 -----------------------------
  

 PSI(ini)=   98.19  NALI= 163  NORM= 166  RMS=    3.75  NSS= 144
 PSI(end)=   93.98  NALI= 156  NORM= 166  RMS=    2.84
 Sstr(LG)= 2799.97  NALI= 156  NORM= 166  RMS=    2.84

E-value=     0.79695717E-09

Z-score=      21.925985        -ln(E)=      20.950220    
  
 ----------------------------
  Final Structural Alignment 
 ----------------------------
  
             ******** ********** ********** ********** **********
Prediction VEFAEIAPIL CAGVTVYKGL KQTNARPGQW VAISGIGGLG HVAVQYARAM
Prediction HHHHHHHHHH HHHHHHHHHH HH-SS----S SSSSS----H HHHHHHHH--
             |||||||| |||||||||| |||||||||| |||||||||| ||||||||||
Experiment --HHHHHHHH HHHHHHHHHH H--SS----S SSSS-----H HHHHHHHH--
Experiment ..IRDLTCLS DILPTGYHGA VTAGVGPGST VYVAGAGPVG LAAAASARLL
             ******** ********** ********** ********** **********
  
            ********* ********** ********** *********    ********
Prediction .GLHVAAIDI DDAKLELARK LGASLTVNAR QEDPVEAIQ. .RDIGGAHGV
Prediction ---SSSSS-- ---HHHHHH- ----SSSS-- -HHHHHHHH- -H--SSSSSS
            ||||||||| |||||||||| ||||     | |||||||||   |||||||||
Experiment ---SSSSS-- ---HHHHHH- ---SSSS--- -HHHHHHHHH ----SSSSSS
Experiment GAAVVIVGDL NPARLAHAKA QGFEIADLSL DTPLHEQIAA LLGEPEVDCA
            ********* ********** ********** *********    ********
  
                 ****             ********* **********           
Prediction ......LVTA VS........ .NSAFGQAIG MARRGGTIAL .....VG...
Prediction ------SSS- ---------- ---HHHHHHH HH----SSSS -----S----
                   || ||          ||||||||| |||||||||       ||   
Experiment SSSS---SSS -----HHHHH HHHHHHHHHH HH----SSSS SSSSS-----
Experiment VDAVGFEARG HGHEGAKHEA PATVLNSLMQ VTRVAGKIGI PGLYVTEDPG
                 ****             ********* **********           
  
                  *** ********** ********** ********** ******
Prediction .....LPPGD FPTPIFDVVL KGLHIAGSIV GTRADLQEAL DFAGEG
Prediction ---------- SSSSSSSSS- --SSSSSSSS SS--HHHHHH HHHHHH
                ||||| |||||||||| ||||   |   ||||||||||       
Experiment ----SS---S SSSSSSSSS- --HHHHHHHH HHHHHHHHHH HHHHHH
Experiment AVDAAAKIGS LSIRFGLGWA KSHSFHTGQT PVMKYNRALM QAIMWD
                  *** ********** ********** ********** ******
  
  
 ---------
  Timings 
 ---------
  
   < Initialization:                      0.004 sec >
   < Secondary Structure assignment       0.000 sec >
   < Structure alignment:                 0.012 sec >
   < Tertiary structure matching:         0.008 sec >
   < Text Output                          0.000 sec >
  
<MAMMOTH> NORMAL_EXIT
